[wpriverthemes.com/HTML/bronx/night-mode/index.html]
[wpriverthemes.com/HTML/bronx/assets/imgs/favicon.png]
[backblue.gif]
[fade.gif]
[index.html]
[maxst.icons8.com/vue-static/landings/line-awesome/line-awesome/1.3.0/css/line-awesome.min.css]
[wpriverthemes.com/HTML/bronx/assets/css/bootstrap.min.css]
[wpriverthemes.com/HTML/bronx/assets/css/style.css]
[wpriverthemes.com/HTML/bronx/assets/css/dark-mode.css]
[wpriverthemes.com/HTML/bronx/assets/css/responsive.css]
[wpriverthemes.com/HTML/bronx/assets/imgs/loader-2.gif]
[wpriverthemes.com/HTML/bronx/night-mode/index-2.html]
[wpriverthemes.com/HTML/bronx/night-mode/contact.html]
[wpriverthemes.com/HTML/bronx/night-mode/work.html]
[wpriverthemes.com/HTML/bronx/night-mode/photography.html]
[wpriverthemes.com/HTML/bronx/night-mode/pricing.html]
[wpriverthemes.com/HTML/bronx/assets/imgs/dark-mode/hero-full.png]
[wpriverthemes.com/HTML/bronx/night-mode/work-detail.html]
[wpriverthemes.com/HTML/bronx/assets/imgs/dark-mode/work-1.png]
[wpriverthemes.com/HTML/bronx/night-mode/work-detail-1.html]
[wpriverthemes.com/HTML/bronx/assets/imgs/dark-mode/work-2.png]
[wpriverthemes.com/HTML/bronx/night-mode/work-detail-2.html]
[wpriverthemes.com/HTML/bronx/assets/imgs/dark-mode/work-3.png]
[wpriverthemes.com/HTML/bronx/night-mode/work-detail-3.html]
[wpriverthemes.com/HTML/bronx/assets/imgs/dark-mode/work-4.png]
[wpriverthemes.com/HTML/bronx/night-mode/work-detail-4.html]
[wpriverthemes.com/HTML/bronx/assets/imgs/dark-mode/work-5.png]
[wpriverthemes.com/HTML/bronx/night-mode/work-detail-5.html]
[wpriverthemes.com/HTML/bronx/assets/imgs/dark-mode/work-6.png]
[wpriverthemes.com/HTML/bronx/assets/imgs/dark-mode/about.png]
[wpriverthemes.com/HTML/bronx/assets/imgs/dark-mode/partner-1.svg]
[wpriverthemes.com/HTML/bronx/assets/imgs/dark-mode/partner-2.svg]
[wpriverthemes.com/HTML/bronx/assets/imgs/dark-mode/partner-3.svg]
[wpriverthemes.com/HTML/bronx/assets/imgs/dark-mode/partner-4.svg]
[wpriverthemes.com/HTML/bronx/assets/imgs/dark-mode/partner-5.svg]
[wpriverthemes.com/HTML/bronx/assets/imgs/dark-mode/partner-6.svg]
[wpriverthemes.com/HTML/bronx/assets/imgs/dark-mode/partner-7.svg]
[wpriverthemes.com/HTML/bronx/assets/imgs/dark-mode/signature.png]
[wpriverthemes.com/HTML/bronx/assets/imgs/dark-mode/about-2.jpg]
[wpriverthemes.com/HTML/bronx/assets/imgs/framer.png]
[wpriverthemes.com/HTML/bronx/assets/imgs/figma.png]
[wpriverthemes.com/HTML/bronx/assets/imgs/js.png]
[wpriverthemes.com/HTML/bronx/assets/imgs/dark-mode/apple.png]
[wpriverthemes.com/HTML/bronx/assets/imgs/dark-mode/nvidia.png]
[wpriverthemes.com/HTML/bronx/assets/imgs/testimonial-1.png]
[wpriverthemes.com/HTML/bronx/assets/imgs/testimonial-2.png]
[wpriverthemes.com/HTML/bronx/assets/imgs/testimonial-3.png]
[wpriverthemes.com/HTML/bronx/assets/imgs/testimonial-4.png]
[wpriverthemes.com/HTML/bronx/assets/imgs/testimonial-5.png]
[wpriverthemes.com/HTML/bronx/assets/imgs/testimonial-6.png]
[wpriverthemes.com/HTML/bronx/assets/imgs/dark-mode/about-3.jpg]
[wpriverthemes.com/HTML/bronx/assets/imgs/dark-mode/about-4.png]
[wpriverthemes.com/HTML/bronx/assets/imgs/dark-mode/exp-popup.jpg]
[wpriverthemes.com/HTML/bronx/assets/js/jquery.js]
[wpriverthemes.com/HTML/bronx/assets/js/bootstrap.bundle.min.js]
[wpriverthemes.com/HTML/bronx/assets/js/gsap.min.js]
[wpriverthemes.com/HTML/bronx/assets/js/ScrollTrigger.min.js]
[wpriverthemes.com/HTML/bronx/assets/js/ScrollToPlugin.min.js]
[wpriverthemes.com/HTML/bronx/assets/js/ScrollSmoother.min.js]
[wpriverthemes.com/HTML/bronx/assets/js/SplitText.min.js]
[wpriverthemes.com/HTML/bronx/assets/js/jarallax.js]
[wpriverthemes.com/HTML/bronx/assets/js/jarallax-element.min.js]
[wpriverthemes.com/HTML/bronx/assets/js/main.js]
[wpriverthemes.com/HTML/bronx/night-mode/index.html]
[wpriverthemes.com/HTML/bronx/assets/js/themescroll.js]
[maxst.icons8.com/vue-static/landings/line-awesome/line-awesome/1.3.0/css/line-awesome.min.css]
[wpriverthemes.com/HTML/bronx/assets/css/bootstrap.min.css]
[wpriverthemes.com/HTML/bronx/assets/css/style.css]
[wpriverthemes.com/HTML/bronx/assets/css/dark-mode.css]
[wpriverthemes.com/HTML/bronx/assets/css/responsive.css]
[wpriverthemes.com/HTML/bronx/night-mode/index-2.html]
[wpriverthemes.com/HTML/bronx/assets/js/ajaxform.js]
[wpriverthemes.com/HTML/bronx/night-mode/contact.html]
[wpriverthemes.com/HTML/bronx/night-mode/work-detail-6.html]
[wpriverthemes.com/HTML/bronx/assets/imgs/dark-mode/work-7.png]
[wpriverthemes.com/HTML/bronx/night-mode/work-detail-7.html]
[wpriverthemes.com/HTML/bronx/assets/imgs/dark-mode/work-8.png]
[wpriverthemes.com/HTML/bronx/night-mode/work.html]
[wpriverthemes.com/HTML/bronx/assets/imgs/dark-mode/photography-1.jpg]
[wpriverthemes.com/HTML/bronx/assets/imgs/dark-mode/photography-2.jpg]
[wpriverthemes.com/HTML/bronx/assets/imgs/dark-mode/photography-3.jpg]
[wpriverthemes.com/HTML/bronx/assets/imgs/dark-mode/photography-4.jpg]
[wpriverthemes.com/HTML/bronx/assets/imgs/dark-mode/video-2.mp4]
[wpriverthemes.com/HTML/bronx/assets/imgs/dark-mode/photography-5.jpg]
[wpriverthemes.com/HTML/bronx/assets/imgs/dark-mode/photography-6.png]
[wpriverthemes.com/HTML/bronx/assets/imgs/dark-mode/photography-7.jpg]
[wpriverthemes.com/HTML/bronx/assets/imgs/dark-mode/photography-8.jpg]
[wpriverthemes.com/HTML/bronx/assets/imgs/dark-mode/photography-9.jpg]
[wpriverthemes.com/HTML/bronx/night-mode/photography.html]
[wpriverthemes.com/HTML/bronx/night-mode/pricing.html]
[wpriverthemes.com/HTML/bronx/assets/imgs/dark-mode/work-detail-1.png]
[wpriverthemes.com/HTML/bronx/assets/imgs/dark-mode/work-detail-2.png]
[wpriverthemes.com/HTML/bronx/assets/imgs/dark-mode/work-detail-3.png]
[wpriverthemes.com/HTML/bronx/assets/imgs/dark-mode/work-detail-4.png]
[wpriverthemes.com/HTML/bronx/night-mode/work-detail.html]
[wpriverthemes.com/HTML/bronx/assets/imgs/dark-mode/work-d-1.jpg]
[wpriverthemes.com/HTML/bronx/assets/imgs/dark-mode/work-d-2.png]
[wpriverthemes.com/HTML/bronx/assets/imgs/dark-mode/work-d-3.jpg]
[wpriverthemes.com/HTML/bronx/assets/imgs/dark-mode/work-d-4.jpg]
[wpriverthemes.com/HTML/bronx/night-mode/work-detail-1.html]
[wpriverthemes.com/HTML/bronx/assets/imgs/dark-mode/work-d-5.png]
[wpriverthemes.com/HTML/bronx/assets/imgs/dark-mode/work-d-6.png]
[wpriverthemes.com/HTML/bronx/assets/imgs/dark-mode/work-d-7.png]
[wpriverthemes.com/HTML/bronx/assets/imgs/dark-mode/work-d-8.png]
[wpriverthemes.com/HTML/bronx/night-mode/work-detail-2.html]
[wpriverthemes.com/HTML/bronx/assets/imgs/dark-mode/work-d-9.png]
[wpriverthemes.com/HTML/bronx/assets/imgs/dark-mode/work-d-10.png]
[wpriverthemes.com/HTML/bronx/assets/imgs/dark-mode/work-d-11.png]
[wpriverthemes.com/HTML/bronx/assets/imgs/dark-mode/work-d-12.png]
[wpriverthemes.com/HTML/bronx/night-mode/work-detail-3.html]
[wpriverthemes.com/HTML/bronx/assets/imgs/dark-mode/work-d-13.jpg]
[wpriverthemes.com/HTML/bronx/assets/imgs/dark-mode/work-d-14.jpg]
[wpriverthemes.com/HTML/bronx/assets/imgs/dark-mode/work-d-15.jpg]
[wpriverthemes.com/HTML/bronx/assets/imgs/dark-mode/work-d-16.jpg]
[wpriverthemes.com/HTML/bronx/night-mode/work-detail-4.html]
[wpriverthemes.com/HTML/bronx/assets/imgs/dark-mode/work-d-17.png]
[wpriverthemes.com/HTML/bronx/assets/imgs/dark-mode/work-d-18.png]
[wpriverthemes.com/HTML/bronx/assets/imgs/dark-mode/work-d-19.png]
[wpriverthemes.com/HTML/bronx/assets/imgs/dark-mode/work-d-20.png]
[wpriverthemes.com/HTML/bronx/night-mode/work-detail-5.html]
[wpriverthemes.com/HTML/bronx/assets/imgs/dark-mode/partner-1.svg]
[wpriverthemes.com/HTML/bronx/assets/imgs/dark-mode/partner-2.svg]
[wpriverthemes.com/HTML/bronx/assets/imgs/dark-mode/partner-3.svg]
[wpriverthemes.com/HTML/bronx/assets/imgs/dark-mode/partner-4.svg]
[wpriverthemes.com/HTML/bronx/assets/imgs/dark-mode/partner-5.svg]
[wpriverthemes.com/HTML/bronx/assets/imgs/dark-mode/partner-6.svg]
[wpriverthemes.com/HTML/bronx/assets/imgs/dark-mode/partner-7.svg]
[wpriverthemes.com/HTML/bronx/assets/js/jquery.js]
[wpriverthemes.com/HTML/bronx/assets/js/bootstrap.bundle.min.js]
[wpriverthemes.com/HTML/bronx/assets/js/gsap.min.js]
[wpriverthemes.com/HTML/bronx/assets/js/ScrollTrigger.min.js]
[wpriverthemes.com/HTML/bronx/assets/js/ScrollToPlugin.min.js]
[wpriverthemes.com/HTML/bronx/assets/js/ScrollSmoother.min.js]
[wpriverthemes.com/HTML/bronx/assets/js/SplitText.min.js]
[wpriverthemes.com/HTML/bronx/assets/js/jarallax.js]
[wpriverthemes.com/HTML/bronx/night-mode/Trident/index.html]
[wpriverthemes.com/HTML/bronx/assets/js/jarallax-element.min.js]
[wpriverthemes.com/HTML/bronx/assets/js/main.js]
[wpriverthemes.com/HTML/bronx/assets/js/themescroll.js]
[wpriverthemes.com/HTML/bronx/assets/js/ajaxform.js]
[wpriverthemes.com/HTML/bronx/night-mode/Edge/index.html]
[wpriverthemes.com/HTML/bronx/assets/imgs/dark-mode/work-d-21.jpg]
[wpriverthemes.com/HTML/bronx/assets/imgs/dark-mode/work-d-22.jpg]
[wpriverthemes.com/HTML/bronx/assets/imgs/dark-mode/work-d-23.jpg]
[wpriverthemes.com/HTML/bronx/assets/imgs/dark-mode/work-d-24.jpg]
[wpriverthemes.com/HTML/bronx/night-mode/work-detail-6.html]
[wpriverthemes.com/HTML/bronx/assets/imgs/dark-mode/work-d-25.jpg]
[wpriverthemes.com/HTML/bronx/assets/imgs/dark-mode/work-d-26.jpg]
[wpriverthemes.com/HTML/bronx/assets/imgs/dark-mode/work-d-27.png]
[wpriverthemes.com/HTML/bronx/assets/imgs/dark-mode/work-d-28.jpg]
[wpriverthemes.com/HTML/bronx/night-mode/work-detail-7.html]
[wpriverthemes.com/HTML/bronx/night-mode/Trident/index.html]
[wpriverthemes.com/HTML/bronx/night-mode/Edge/index.html]
